Using pre-set license
Built from '2020.3/release' branch; Version is '2020.3.15f2 (6cf78cb77498) revision 7141260'; Using compiler version '192528614'; Build Type 'Release'
OS: 'Windows 10 Pro; OS build 19042.1288; Version 2009; 64bit' Language: 'es' Physical Memory: 16314 MB
BatchMode: 1, IsHumanControllingUs: 0, StartBugReporterOnCrash: 0, Is64bit: 1, IsPro: 0

 COMMAND LINE ARGUMENTS:
C:\SOFIA\VIDEOJUEGO\2020.3.15f2\Editor\Unity.exe
-adb2
-batchMode
-noUpm
-name
AssetImportWorker0
-projectPath
C:/SOFIA/VIDEOJUEGO/PROYECTO/2D_PROYECTO/Caso_practico
-logFile
Logs/AssetImportWorker0.log
-srvPort
64984
Successfully changed project path to: C:/SOFIA/VIDEOJUEGO/PROYECTO/2D_PROYECTO/Caso_practico
C:/SOFIA/VIDEOJUEGO/PROYECTO/2D_PROYECTO/Caso_practico
Using Asset Import Pipeline V2.
Refreshing native plugins compatible for Editor in 28.43 ms, found 2 plugins.
Preloading 0 native plugins for Editor in 0.00 ms.
Initialize engine version: 2020.3.15f2 (6cf78cb77498)
[Subsystems] Discovering subsystems at path C:/SOFIA/VIDEOJUEGO/2020.3.15f2/Editor/Data/Resources/UnitySubsystems
[Subsystems] Discovering subsystems at path C:/SOFIA/VIDEOJUEGO/PROYECTO/2D_PROYECTO/Caso_practico/Assets
GfxDevice: creating device client; threaded=0
Direct3D:
    Version:  Direct3D 11.0 [level 11.1]
    Renderer: NVIDIA GeForce RTX 2070 SUPER (ID=0x1e84)
    Vendor:   
    VRAM:     8011 MB
    Driver:   27.21.14.6611
Initialize mono
Mono path[0] = 'C:/SOFIA/VIDEOJUEGO/2020.3.15f2/Editor/Data/Managed'
Mono path[1] = 'C:/SOFIA/VIDEOJUEGO/2020.3.15f2/Editor/Data/MonoBleedingEdge/lib/mono/unityjit'
Mono config path = 'C:/SOFIA/VIDEOJUEGO/2020.3.15f2/Editor/Data/MonoBleedingEdge/etc'
Using monoOptions --debugger-agent=transport=dt_socket,embedding=1,server=y,suspend=n,address=127.0.0.1:56872
Begin MonoManager ReloadAssembly
Registering precompiled unity dll's ...
Register platform support module: C:/SOFIA/VIDEOJUEGO/2020.3.15f2/Editor/Data/PlaybackEngines/WindowsStandaloneSupport/UnityEditor.WindowsStandalone.Extensions.dll
Registered in 0.002267 seconds.
Native extension for WindowsStandalone target not found
Refreshing native plugins compatible for Editor in 27.25 ms, found 2 plugins.
Preloading 0 native plugins for Editor in 0.00 ms.
Mono: successfully reloaded assembly
- Completed reload, in  1.103 seconds
Domain Reload Profiling:
	ReloadAssembly (1103ms)
		BeginReloadAssembly (53ms)
			ExecutionOrderSort (0ms)
			DisableScriptedObjects (0ms)
			BackupInstance (0ms)
			ReleaseScriptingObjects (0ms)
			CreateAndSetChildDomain (1ms)
		EndReloadAssembly (379ms)
			LoadAssemblies (50ms)
			RebuildTransferFunctionScriptingTraits (0ms)
			SetupTypeCache (140ms)
			ReleaseScriptCaches (0ms)
			RebuildScriptCaches (27ms)
			SetupLoadedEditorAssemblies (143ms)
				LogAssemblyErrors (0ms)
				InitializePlatformSupportModulesInManaged (4ms)
				SetLoadedEditorAssemblies (0ms)
				RefreshPlugins (27ms)
				BeforeProcessingInitializeOnLoad (6ms)
				ProcessInitializeOnLoadAttributes (77ms)
				ProcessInitializeOnLoadMethodAttributes (28ms)
				AfterProcessingInitializeOnLoad (0ms)
				EditorAssembliesLoaded (0ms)
			ExecutionOrderSort2 (0ms)
			AwakeInstancesAfterBackupRestoration (0ms)
Platform modules already initialized, skipping
Registering precompiled user dll's ...
Registered in 0.004351 seconds.
Begin MonoManager ReloadAssembly
Native extension for WindowsStandalone target not found
Refreshing native plugins compatible for Editor in 0.34 ms, found 2 plugins.
Preloading 0 native plugins for Editor in 0.00 ms.
Mono: successfully reloaded assembly
- Completed reload, in  1.064 seconds
Domain Reload Profiling:
	ReloadAssembly (1065ms)
		BeginReloadAssembly (146ms)
			ExecutionOrderSort (0ms)
			DisableScriptedObjects (5ms)
			BackupInstance (0ms)
			ReleaseScriptingObjects (0ms)
			CreateAndSetChildDomain (20ms)
		EndReloadAssembly (853ms)
			LoadAssemblies (83ms)
			RebuildTransferFunctionScriptingTraits (0ms)
			SetupTypeCache (261ms)
			ReleaseScriptCaches (0ms)
			RebuildScriptCaches (44ms)
			SetupLoadedEditorAssemblies (376ms)
				LogAssemblyErrors (0ms)
				InitializePlatformSupportModulesInManaged (5ms)
				SetLoadedEditorAssemblies (0ms)
				RefreshPlugins (0ms)
				BeforeProcessingInitializeOnLoad (51ms)
				ProcessInitializeOnLoadAttributes (307ms)
				ProcessInitializeOnLoadMethodAttributes (4ms)
				AfterProcessingInitializeOnLoad (8ms)
				EditorAssembliesLoaded (0ms)
			ExecutionOrderSort2 (0ms)
			AwakeInstancesAfterBackupRestoration (6ms)
Platform modules already initialized, skipping
========================================================================
Worker process is ready to serve import requests
Launched and connected shader compiler UnityShaderCompiler.exe after 0.06 seconds
Refreshing native plugins compatible for Editor in 0.39 ms, found 2 plugins.
Preloading 0 native plugins for Editor in 0.00 ms.
Unloading 1396 Unused Serialized files (Serialized files now loaded: 0)
System memory in use before: 64.9 MB.
System memory in use after: 65.0 MB.

Unloading 19 unused Assets to reduce memory usage. Loaded Objects now: 1829.
Total: 2.367900 ms (FindLiveObjects: 0.163300 ms CreateObjectMapping: 0.034200 ms MarkObjects: 2.081400 ms  DeleteObjects: 0.087300 ms)

AssetImportParameters requested are different than current active one (requested -> active):
  custom:framework-win-MediaFoundation: 216162199b28c13a410421893ffa2e32 -> 
  custom:video-decoder-ogg-theora: a1e56fd34408186e4bbccfd4996cb3dc -> 
  custom:container-muxer-webm: aa71ff27fc2769a1b78a27578f13a17b -> 
  custom:container-demuxer-webm: 4f35f7cbe854078d1ac9338744f61a02 -> 
  custom:container-demuxer-ogg: 62fdf1f143b41e24485cea50d1cbac27 -> 
  custom:video-encoder-webm-vp8: eb34c28f22e8b96e1ab97ce403110664 -> 
  custom:video-decoder-webm-vp8: 9c59270c3fd7afecdb556c50c9e8de78 -> 
  custom:audio-decoder-ogg-vorbis: bf7c407c2cedff20999df2af8eb42d56 -> 
  custom:audio-encoder-webm-vorbis: bf7c407c2cedff20999df2af8eb42d56 -> 
========================================================================
Received Import Request.
  path: Assets/Scenes
  artifactKey: Guid(4f89e924e4168de41b2f74ce9516bba3) Importer(815301076,1909f56bfc062723c751e8b465ee728b)
Start importing Assets/Scenes using Guid(4f89e924e4168de41b2f74ce9516bba3) Importer(815301076,1909f56bfc062723c751e8b465ee728b)  -> (artifact id: 'fc035c2c7a87cc3cf393698cb3b08a2f') in 0.009863 seconds 
  Import took 0.011887 seconds .

========================================================================
Received Import Request.
  Time since last request: 184.187133 seconds.
  path: Assets
  artifactKey: Guid(00000000000000001000000000000000) Importer(815301076,1909f56bfc062723c751e8b465ee728b)
Start importing Assets using Guid(00000000000000001000000000000000) Importer(815301076,1909f56bfc062723c751e8b465ee728b)  -> (artifact id: '42d402b061de3733987d63b9cc3b64de') in 0.011614 seconds 
  Import took 0.013951 seconds .

========================================================================
Received Import Request.
  Time since last request: 11.982598 seconds.
  path: Assets/New Folder
  artifactKey: Guid(df2bc2ca57bc7d647832ff0dba220520) Importer(815301076,1909f56bfc062723c751e8b465ee728b)
Start importing Assets/New Folder using Guid(df2bc2ca57bc7d647832ff0dba220520) Importer(815301076,1909f56bfc062723c751e8b465ee728b)  -> (artifact id: '7977cea2c65ca7bd562918c213558fe9') in 0.009478 seconds 
  Import took 0.012143 seconds .

========================================================================
Received Import Request.
  Time since last request: 8.676012 seconds.
  path: Assets/Prefabsr
  artifactKey: Guid(df2bc2ca57bc7d647832ff0dba220520) Importer(815301076,1909f56bfc062723c751e8b465ee728b)
Start importing Assets/Prefabsr using Guid(df2bc2ca57bc7d647832ff0dba220520) Importer(815301076,1909f56bfc062723c751e8b465ee728b)  -> (artifact id: '97e28df2a4e38bb8367cfd37903341c4') in 0.008736 seconds 
  Import took 0.011335 seconds .

========================================================================
Received Import Request.
  Time since last request: 7.524304 seconds.
  path: Assets/Prefabs
  artifactKey: Guid(df2bc2ca57bc7d647832ff0dba220520) Importer(815301076,1909f56bfc062723c751e8b465ee728b)
Start importing Assets/Prefabs using Guid(df2bc2ca57bc7d647832ff0dba220520) Importer(815301076,1909f56bfc062723c751e8b465ee728b)  -> (artifact id: '20fec298fabbad117002c150005aae0b') in 0.008581 seconds 
  Import took 0.011118 seconds .

========================================================================
Received Import Request.
  Time since last request: 16.678071 seconds.
  path: Assets/Scripts
  artifactKey: Guid(2d03dd265ceb8ae43b9d5d82e9e9e587) Importer(815301076,1909f56bfc062723c751e8b465ee728b)
Start importing Assets/Scripts using Guid(2d03dd265ceb8ae43b9d5d82e9e9e587) Importer(815301076,1909f56bfc062723c751e8b465ee728b)  -> (artifact id: '80c21b91c60bcdb1ad486244a9a4fd60') in 0.010863 seconds 
  Import took 0.013926 seconds .

========================================================================
Received Import Request.
  Time since last request: 25.876202 seconds.
  path: Assets/Material
  artifactKey: Guid(d5af77e885124234e99502ab833eb317) Importer(815301076,1909f56bfc062723c751e8b465ee728b)
Start importing Assets/Material using Guid(d5af77e885124234e99502ab833eb317) Importer(815301076,1909f56bfc062723c751e8b465ee728b)  -> (artifact id: '37882cc1f4dbf23a07527ff437629b8b') in 0.010222 seconds 
  Import took 0.012709 seconds .

========================================================================
Received Import Request.
  Time since last request: 207.440491 seconds.
  path: Assets/Material/New Material.mat
  artifactKey: Guid(a8c718a6ac3e3244aa9914427f7240d8) Importer(815301076,1909f56bfc062723c751e8b465ee728b)
Start importing Assets/Material/New Material.mat using Guid(a8c718a6ac3e3244aa9914427f7240d8) Importer(815301076,1909f56bfc062723c751e8b465ee728b)  -> (artifact id: '71b9a2e218dcf6998f20934ed2c7b333') in 0.128123 seconds 
  Import took 0.131074 seconds .

========================================================================
Received Import Request.
  Time since last request: 15.827795 seconds.
  path: Assets/Material/Something.mat
  artifactKey: Guid(a8c718a6ac3e3244aa9914427f7240d8) Importer(815301076,1909f56bfc062723c751e8b465ee728b)
Start importing Assets/Material/Something.mat using Guid(a8c718a6ac3e3244aa9914427f7240d8) Importer(815301076,1909f56bfc062723c751e8b465ee728b)  -> (artifact id: '57890464f5bd4ce089882f3225c055e2') in 0.014363 seconds 
  Import took 0.017139 seconds .

========================================================================
Received Import Request.
  Time since last request: 131.498877 seconds.
  path: Assets/Scripts/PlayerController.cs
  artifactKey: Guid(0a9d1629006e7704b93b2b3c418c2a6b) Importer(815301076,1909f56bfc062723c751e8b465ee728b)
Start importing Assets/Scripts/PlayerController.cs using Guid(0a9d1629006e7704b93b2b3c418c2a6b) Importer(815301076,1909f56bfc062723c751e8b465ee728b)  -> (artifact id: '60a5e0e0d8d1f6f8bd59a2140261ca67') in 0.017707 seconds 
  Import took 0.020069 seconds .

========================================================================
Received Prepare
Registering precompiled user dll's ...
Registered in 0.004194 seconds.
Begin MonoManager ReloadAssembly
Native extension for WindowsStandalone target not found
Refreshing native plugins compatible for Editor in 0.34 ms, found 2 plugins.
Preloading 0 native plugins for Editor in 0.00 ms.
Mono: successfully reloaded assembly
- Completed reload, in  0.985 seconds
Domain Reload Profiling:
	ReloadAssembly (986ms)
		BeginReloadAssembly (118ms)
			ExecutionOrderSort (0ms)
			DisableScriptedObjects (5ms)
			BackupInstance (0ms)
			ReleaseScriptingObjects (0ms)
			CreateAndSetChildDomain (31ms)
		EndReloadAssembly (800ms)
			LoadAssemblies (84ms)
			RebuildTransferFunctionScriptingTraits (0ms)
			SetupTypeCache (254ms)
			ReleaseScriptCaches (1ms)
			RebuildScriptCaches (33ms)
			SetupLoadedEditorAssemblies (336ms)
				LogAssemblyErrors (0ms)
				InitializePlatformSupportModulesInManaged (5ms)
				SetLoadedEditorAssemblies (0ms)
				RefreshPlugins (0ms)
				BeforeProcessingInitializeOnLoad (47ms)
				ProcessInitializeOnLoadAttributes (272ms)
				ProcessInitializeOnLoadMethodAttributes (4ms)
				AfterProcessingInitializeOnLoad (8ms)
				EditorAssembliesLoaded (0ms)
			ExecutionOrderSort2 (0ms)
			AwakeInstancesAfterBackupRestoration (7ms)
Platform modules already initialized, skipping
Refreshing native plugins compatible for Editor in 0.34 ms, found 2 plugins.
Preloading 0 native plugins for Editor in 0.00 ms.
Unloading 1392 Unused Serialized files (Serialized files now loaded: 0)
System memory in use before: 68.2 MB.
System memory in use after: 68.3 MB.

Unloading 14 unused Assets to reduce memory usage. Loaded Objects now: 1873.
Total: 2.117700 ms (FindLiveObjects: 0.152200 ms CreateObjectMapping: 0.033000 ms MarkObjects: 1.881200 ms  DeleteObjects: 0.050400 ms)

AssetImportParameters requested are different than current active one (requested -> active):
  custom:framework-win-MediaFoundation: 216162199b28c13a410421893ffa2e32 -> 
  custom:video-decoder-ogg-theora: a1e56fd34408186e4bbccfd4996cb3dc -> 
  custom:container-muxer-webm: aa71ff27fc2769a1b78a27578f13a17b -> 
  custom:container-demuxer-webm: 4f35f7cbe854078d1ac9338744f61a02 -> 
  custom:container-demuxer-ogg: 62fdf1f143b41e24485cea50d1cbac27 -> 
  custom:video-encoder-webm-vp8: eb34c28f22e8b96e1ab97ce403110664 -> 
  custom:video-decoder-webm-vp8: 9c59270c3fd7afecdb556c50c9e8de78 -> 
  custom:audio-decoder-ogg-vorbis: bf7c407c2cedff20999df2af8eb42d56 -> 
  custom:audio-encoder-webm-vorbis: bf7c407c2cedff20999df2af8eb42d56 -> 
AssetImportWorkerClient::OnTransportError - code=2 error=End of file
